2025/03/29 16:22:02 Hello world
time="2025-03-29T16:39:23-05:00" level=info msg="Hello world"
time="2025-03-29T16:43:10-05:00" level=info msg="Hello world"
time="2025-03-29T16:43:10-05:00" level=warning msg="Printing just hello world is waste of time"
time="2025-03-29T16:43:10-05:00" level=error msg="Error occured duiring execution"
time="2025-03-29T16:43:10-05:00" level=fatal msg="Server process not responding"
time="2025-03-29T16:45:37-05:00" level=info msg="Hello world"
time="2025-03-29T16:45:37-05:00" level=warning msg="Printing just hello world is waste of time"
time="2025-03-29T16:45:37-05:00" level=error msg="Error occured duiring execution"
time="2025-03-29T16:45:37-05:00" level=fatal msg="Server process not responding"
time="2025-03-29T16:46:25-05:00" level=info msg="Hello world"
time="2025-03-29T16:46:25-05:00" level=warning msg="Printing just hello world is waste of time"
time="2025-03-29T16:46:25-05:00" level=error msg="Error occured during execution"
time="2025-03-29T16:46:25-05:00" level=debug msg="System non-responsive"
time="2025-03-29T16:46:25-05:00" level=fatal msg="Server process not responding"
time="2025-03-29T16:47:15-05:00" level=info msg="Hello world"
time="2025-03-29T16:47:15-05:00" level=warning msg="Printing just hello world is waste of time"
time="2025-03-29T16:47:15-05:00" level=error msg="Error occured during execution"
time="2025-03-29T16:47:15-05:00" level=debug msg="System non-responsive"
time="2025-03-29T16:48:01-05:00" level=info msg="Hello world"
time="2025-03-29T16:48:01-05:00" level=warning msg="Printing just hello world is waste of time"
time="2025-03-29T16:48:01-05:00" level=error msg="Error occured during execution"
time="2025-03-29T16:48:01-05:00" level=debug msg="System non-responsive"
time="2025-03-29T16:48:01-05:00" level=trace msg="System trace"
